<!DOCTYPE suite SYSTEM "http://testng.org/testng-1.0.dtd" >

<suite name="Waikato POC">
    <test name="Test Register">
        <classes>
            <class name="com.wikato.register.Test1">
                <methods>
                    <include name="RegistrationTest"/>
                </methods>
            </class>
        </classes>
    </test>
</suite>