<?xml version="1.0" encoding="UTF-8"?>
<!-- Generated by org.testng.reporters.JUnitReportReporter -->
<testsuite skipped="0" hostname="LAPTOP138" name="com.wikato.register.Test1" tests="2" failures="0" timestamp="16 Sep 2017 09:31:44 GMT" time="20.345" errors="0">
  <testcase name="RegistrationTest" time="3.054" classname="com.wikato.register.Test1"/>
  <testcase name="RegistrationTest" time="17.291" classname="com.wikato.register.Test1"/>
</testsuite> <!-- com.wikato.register.Test1 -->
